Terminals unused in grammar

   lSTRING


狀態 100 衝突：%d 項偏移/縮減


文法

    0 $accept: prog $end

    1 prog: mthdcls
    2     | /* 空白 */

    3 mthdcls: mthdcl mthdcls
    4        | mthdcl

    5 type: lINT
    6     | lREAL

    7 mthdcl: type lMAIN lID lLP formals lRP block
    8       | type lID lLP formals lRP block

    9 formals: formal oformal
   10        | /* 空白 */

   11 formal: type lID

   12 oformal: lCOMMA formal oformal
   13        | /* 空白 */

   14 block: lBEGIN Stmts lEND

   15 Stmts: stmt OStmts

   16 OStmts: stmt OStmts
   17       | /* 空白 */

   18 stmt: block
   19     | lvdecl
   20     | Assignstmt
   21     | Returnstmt
   22     | Ifstmt
   23     | Writestmt
   24     | Readstmt

   25 lvdecl: type lID lSEMI
   26       | type Assignstmt

   27 Assignstmt: lID lASSIGN exp lSEMI

   28 Returnstmt: lRETURN exp lSEMI

   29 Ifstmt: lIF lLP boolexp lRP stmt
   30       | lIF lLP boolexp lRP stmt lELSE stmt

   31 Writestmt: lWRITE lLP exp lCOMMA lQSTR lRP lSEMI

   32 Readstmt: lREAD lLP lID lCOMMA lQSTR lRP lSEMI

   33 exp: Multiexp oexp

   34 oexp: lADD Multiexp oexp
   35     | lMINUS Multiexp oexp
   36     | /* 空白 */

   37 Multiexp: Primaryexp oMultiexp

   38 oMultiexp: lTIMES Primaryexp oMultiexp
   39          | lDIVIDE Primaryexp oMultiexp
   40          | /* 空白 */

   41 Primaryexp: lINUM
   42           | lRNUM
   43           | lID
   44           | lLP exp lRP
   45           | lID lLP Actualparams lRP

   46 boolexp: exp lEQU exp
   47        | exp lNEQ exp
   48        | exp lGT exp
   49        | exp lGE exp
   50        | exp lLT exp
   51        | exp lLE exp

   52 Actualparams: exp oActualparams
   53             | /* 空白 */

   54 oActualparams: lCOMMA exp oActualparams
   55              | /* 空白 */


終結語詞，附有它們出現處的規則

$end (0) 0
error (256)
lWRITE (258) 31
lREAD (259) 32
lIF (260) 29 30
lASSIGN (261) 27
lRETURN (262) 28
lBEGIN (263) 14
lEND (264) 14
lLE (265) 51
lGE (266) 49
lLT (267) 50
lGT (268) 48
lNEQ (269) 47
lEQU (270) 46
lMINUS (271) 35
lADD (272) 34
lDIVIDE (273) 39
lTIMES (274) 38
lLP (275) 7 8 29 30 31 32 44 45
lRP (276) 7 8 29 30 31 32 44 45
lINT (277) 5
lREAL (278) 6
lSTRING (279)
lELSE (280) 30
lMAIN (281) 7
lSEMI (282) 25 27 28 31 32
lCOMMA (283) 12 31 32 54
lID (284) 7 8 11 25 27 32 43 45
lINUM (285) 41
lRNUM (286) 42
lQSTR (287) 31 32


非終結語詞，附有它們出現處的規則

$accept (33)
   於左側： 0
prog (34)
   於左側： 1 2,於右側： 0
mthdcls (35)
   於左側： 3 4,於右側： 1 3
type (36)
   於左側： 5 6,於右側： 7 8 11 25 26
mthdcl (37)
   於左側： 7 8,於右側： 3 4
formals (38)
   於左側： 9 10,於右側： 7 8
formal (39)
   於左側： 11,於右側： 9 12
oformal (40)
   於左側： 12 13,於右側： 9 12
block (41)
   於左側： 14,於右側： 7 8 18
Stmts (42)
   於左側： 15,於右側： 14
OStmts (43)
   於左側： 16 17,於右側： 15 16
stmt (44)
   於左側： 18 19 20 21 22 23 24,於右側： 15 16 29 30
lvdecl (45)
   於左側： 25 26,於右側： 19
Assignstmt (46)
   於左側： 27,於右側： 20 26
Returnstmt (47)
   於左側： 28,於右側： 21
Ifstmt (48)
   於左側： 29 30,於右側： 22
Writestmt (49)
   於左側： 31,於右側： 23
Readstmt (50)
   於左側： 32,於右側： 24
exp (51)
   於左側： 33,於右側： 27 28 31 44 46 47 48 49 50 51 52 54
oexp (52)
   於左側： 34 35 36,於右側： 33 34 35
Multiexp (53)
   於左側： 37,於右側： 33 34 35
oMultiexp (54)
   於左側： 38 39 40,於右側： 37 38 39
Primaryexp (55)
   於左側： 41 42 43 44 45,於右側： 37 38 39
boolexp (56)
   於左側： 46 47 48 49 50 51,於右側： 29 30
Actualparams (57)
   於左側： 52 53,於右側： 45
oActualparams (58)
   於左側： 54 55,於右側： 52 54


狀態 0

    0 $accept: . prog $end
    1 prog: . mthdcls
    2     | .  [$end]
    3 mthdcls: . mthdcl mthdcls
    4        | . mthdcl
    5 type: . lINT
    6     | . lREAL
    7 mthdcl: . type lMAIN lID lLP formals lRP block
    8       | . type lID lLP formals lRP block

    lINT   偏移，並進入狀態 1
    lREAL  偏移，並進入狀態 2

    $預設  使用規則 2 以縮減 (prog)

    prog     進入狀態 3
    mthdcls  進入狀態 4
    type     進入狀態 5
    mthdcl   進入狀態 6


狀態 1

    5 type: lINT .

    $預設  使用規則 5 以縮減 (type)


狀態 2

    6 type: lREAL .

    $預設  使用規則 6 以縮減 (type)


狀態 3

    0 $accept: prog . $end

    $end  偏移，並進入狀態 7


狀態 4

    1 prog: mthdcls .

    $預設  使用規則 1 以縮減 (prog)


狀態 5

    7 mthdcl: type . lMAIN lID lLP formals lRP block
    8       | type . lID lLP formals lRP block

    lMAIN  偏移，並進入狀態 8
    lID    偏移，並進入狀態 9


狀態 6

    3 mthdcls: . mthdcl mthdcls
    3        | mthdcl . mthdcls
    4        | . mthdcl
    4        | mthdcl .  [$end]
    5 type: . lINT
    6     | . lREAL
    7 mthdcl: . type lMAIN lID lLP formals lRP block
    8       | . type lID lLP formals lRP block

    lINT   偏移，並進入狀態 1
    lREAL  偏移，並進入狀態 2

    $預設  使用規則 4 以縮減 (mthdcls)

    mthdcls  進入狀態 10
    type     進入狀態 5
    mthdcl   進入狀態 6


狀態 7

    0 $accept: prog $end .

    $預設  接受


狀態 8

    7 mthdcl: type lMAIN . lID lLP formals lRP block

    lID  偏移，並進入狀態 11


狀態 9

    8 mthdcl: type lID . lLP formals lRP block

    lLP  偏移，並進入狀態 12


狀態 10

    3 mthdcls: mthdcl mthdcls .

    $預設  使用規則 3 以縮減 (mthdcls)


狀態 11

    7 mthdcl: type lMAIN lID . lLP formals lRP block

    lLP  偏移，並進入狀態 13


狀態 12

    5 type: . lINT
    6     | . lREAL
    8 mthdcl: type lID lLP . formals lRP block
    9 formals: . formal oformal
   10        | .  [lRP]
   11 formal: . type lID

    lINT   偏移，並進入狀態 1
    lREAL  偏移，並進入狀態 2

    $預設  使用規則 10 以縮減 (formals)

    type     進入狀態 14
    formals  進入狀態 15
    formal   進入狀態 16


狀態 13

    5 type: . lINT
    6     | . lREAL
    7 mthdcl: type lMAIN lID lLP . formals lRP block
    9 formals: . formal oformal
   10        | .  [lRP]
   11 formal: . type lID

    lINT   偏移，並進入狀態 1
    lREAL  偏移，並進入狀態 2

    $預設  使用規則 10 以縮減 (formals)

    type     進入狀態 14
    formals  進入狀態 17
    formal   進入狀態 16


狀態 14

   11 formal: type . lID

    lID  偏移，並進入狀態 18


狀態 15

    8 mthdcl: type lID lLP formals . lRP block

    lRP  偏移，並進入狀態 19


狀態 16

    9 formals: formal . oformal
   12 oformal: . lCOMMA formal oformal
   13        | .  [lRP]

    lCOMMA  偏移，並進入狀態 20

    $預設  使用規則 13 以縮減 (oformal)

    oformal  進入狀態 21


狀態 17

    7 mthdcl: type lMAIN lID lLP formals . lRP block

    lRP  偏移，並進入狀態 22


狀態 18

   11 formal: type lID .

    $預設  使用規則 11 以縮減 (formal)


狀態 19

    8 mthdcl: type lID lLP formals lRP . block
   14 block: . lBEGIN Stmts lEND

    lBEGIN  偏移，並進入狀態 23

    block  進入狀態 24


狀態 20

    5 type: . lINT
    6     | . lREAL
   11 formal: . type lID
   12 oformal: lCOMMA . formal oformal

    lINT   偏移，並進入狀態 1
    lREAL  偏移，並進入狀態 2

    type    進入狀態 14
    formal  進入狀態 25


狀態 21

    9 formals: formal oformal .

    $預設  使用規則 9 以縮減 (formals)


狀態 22

    7 mthdcl: type lMAIN lID lLP formals lRP . block
   14 block: . lBEGIN Stmts lEND

    lBEGIN  偏移，並進入狀態 23

    block  進入狀態 26


狀態 23

    5 type: . lINT
    6     | . lREAL
   14 block: . lBEGIN Stmts lEND
   14      | lBEGIN . Stmts lEND
   15 Stmts: . stmt OStmts
   18 stmt: . block
   19     | . lvdecl
   20     | . Assignstmt
   21     | . Returnstmt
   22     | . Ifstmt
   23     | . Writestmt
   24     | . Readstmt
   25 lvdecl: . type lID lSEMI
   26       | . type Assignstmt
   27 Assignstmt: . lID lASSIGN exp lSEMI
   28 Returnstmt: . lRETURN exp lSEMI
   29 Ifstmt: . lIF lLP boolexp lRP stmt
   30       | . lIF lLP boolexp lRP stmt lELSE stmt
   31 Writestmt: . lWRITE lLP exp lCOMMA lQSTR lRP lSEMI
   32 Readstmt: . lREAD lLP lID lCOMMA lQSTR lRP lSEMI

    lWRITE   偏移，並進入狀態 27
    lREAD    偏移，並進入狀態 28
    lIF      偏移，並進入狀態 29
    lRETURN  偏移，並進入狀態 30
    lBEGIN   偏移，並進入狀態 23
    lINT     偏移，並進入狀態 1
    lREAL    偏移，並進入狀態 2
    lID      偏移，並進入狀態 31

    type        進入狀態 32
    block       進入狀態 33
    Stmts       進入狀態 34
    stmt        進入狀態 35
    lvdecl      進入狀態 36
    Assignstmt  進入狀態 37
    Returnstmt  進入狀態 38
    Ifstmt      進入狀態 39
    Writestmt   進入狀態 40
    Readstmt    進入狀態 41


狀態 24

    8 mthdcl: type lID lLP formals lRP block .

    $預設  使用規則 8 以縮減 (mthdcl)


狀態 25

   12 oformal: . lCOMMA formal oformal
   12        | lCOMMA formal . oformal
   13        | .  [lRP]

    lCOMMA  偏移，並進入狀態 20

    $預設  使用規則 13 以縮減 (oformal)

    oformal  進入狀態 42


狀態 26

    7 mthdcl: type lMAIN lID lLP formals lRP block .

    $預設  使用規則 7 以縮減 (mthdcl)


狀態 27

   31 Writestmt: lWRITE . lLP exp lCOMMA lQSTR lRP lSEMI

    lLP  偏移，並進入狀態 43


狀態 28

   32 Readstmt: lREAD . lLP lID lCOMMA lQSTR lRP lSEMI

    lLP  偏移，並進入狀態 44


狀態 29

   29 Ifstmt: lIF . lLP boolexp lRP stmt
   30       | lIF . lLP boolexp lRP stmt lELSE stmt

    lLP  偏移，並進入狀態 45


狀態 30

   28 Returnstmt: lRETURN . exp lSEMI
   33 exp: . Multiexp oexp
   37 Multiexp: . Primaryexp oMultiexp
   41 Primaryexp: . lINUM
   42           | . lRNUM
   43           | . lID
   44           | . lLP exp lRP
   45           | . lID lLP Actualparams lRP

    lLP    偏移，並進入狀態 46
    lID    偏移，並進入狀態 47
    lINUM  偏移，並進入狀態 48
    lRNUM  偏移，並進入狀態 49

    exp         進入狀態 50
    Multiexp    進入狀態 51
    Primaryexp  進入狀態 52


狀態 31

   27 Assignstmt: lID . lASSIGN exp lSEMI

    lASSIGN  偏移，並進入狀態 53


狀態 32

   25 lvdecl: type . lID lSEMI
   26       | type . Assignstmt
   27 Assignstmt: . lID lASSIGN exp lSEMI

    lID  偏移，並進入狀態 54

    Assignstmt  進入狀態 55


狀態 33

   18 stmt: block .

    $預設  使用規則 18 以縮減 (stmt)


狀態 34

   14 block: lBEGIN Stmts . lEND

    lEND  偏移，並進入狀態 56


狀態 35

    5 type: . lINT
    6     | . lREAL
   14 block: . lBEGIN Stmts lEND
   15 Stmts: stmt . OStmts
   16 OStmts: . stmt OStmts
   17       | .  [lEND]
   18 stmt: . block
   19     | . lvdecl
   20     | . Assignstmt
   21     | . Returnstmt
   22     | . Ifstmt
   23     | . Writestmt
   24     | . Readstmt
   25 lvdecl: . type lID lSEMI
   26       | . type Assignstmt
   27 Assignstmt: . lID lASSIGN exp lSEMI
   28 Returnstmt: . lRETURN exp lSEMI
   29 Ifstmt: . lIF lLP boolexp lRP stmt
   30       | . lIF lLP boolexp lRP stmt lELSE stmt
   31 Writestmt: . lWRITE lLP exp lCOMMA lQSTR lRP lSEMI
   32 Readstmt: . lREAD lLP lID lCOMMA lQSTR lRP lSEMI

    lWRITE   偏移，並進入狀態 27
    lREAD    偏移，並進入狀態 28
    lIF      偏移，並進入狀態 29
    lRETURN  偏移，並進入狀態 30
    lBEGIN   偏移，並進入狀態 23
    lINT     偏移，並進入狀態 1
    lREAL    偏移，並進入狀態 2
    lID      偏移，並進入狀態 31

    $預設  使用規則 17 以縮減 (OStmts)

    type        進入狀態 32
    block       進入狀態 33
    OStmts      進入狀態 57
    stmt        進入狀態 58
    lvdecl      進入狀態 36
    Assignstmt  進入狀態 37
    Returnstmt  進入狀態 38
    Ifstmt      進入狀態 39
    Writestmt   進入狀態 40
    Readstmt    進入狀態 41


狀態 36

   19 stmt: lvdecl .

    $預設  使用規則 19 以縮減 (stmt)


狀態 37

   20 stmt: Assignstmt .

    $預設  使用規則 20 以縮減 (stmt)


狀態 38

   21 stmt: Returnstmt .

    $預設  使用規則 21 以縮減 (stmt)


狀態 39

   22 stmt: Ifstmt .

    $預設  使用規則 22 以縮減 (stmt)


狀態 40

   23 stmt: Writestmt .

    $預設  使用規則 23 以縮減 (stmt)


狀態 41

   24 stmt: Readstmt .

    $預設  使用規則 24 以縮減 (stmt)


狀態 42

   12 oformal: lCOMMA formal oformal .

    $預設  使用規則 12 以縮減 (oformal)


狀態 43

   31 Writestmt: lWRITE lLP . exp lCOMMA lQSTR lRP lSEMI
   33 exp: . Multiexp oexp
   37 Multiexp: . Primaryexp oMultiexp
   41 Primaryexp: . lINUM
   42           | . lRNUM
   43           | . lID
   44           | . lLP exp lRP
   45           | . lID lLP Actualparams lRP

    lLP    偏移，並進入狀態 46
    lID    偏移，並進入狀態 47
    lINUM  偏移，並進入狀態 48
    lRNUM  偏移，並進入狀態 49

    exp         進入狀態 59
    Multiexp    進入狀態 51
    Primaryexp  進入狀態 52


狀態 44

   32 Readstmt: lREAD lLP . lID lCOMMA lQSTR lRP lSEMI

    lID  偏移，並進入狀態 60


狀態 45

   29 Ifstmt: lIF lLP . boolexp lRP stmt
   30       | lIF lLP . boolexp lRP stmt lELSE stmt
   33 exp: . Multiexp oexp
   37 Multiexp: . Primaryexp oMultiexp
   41 Primaryexp: . lINUM
   42           | . lRNUM
   43           | . lID
   44           | . lLP exp lRP
   45           | . lID lLP Actualparams lRP
   46 boolexp: . exp lEQU exp
   47        | . exp lNEQ exp
   48        | . exp lGT exp
   49        | . exp lGE exp
   50        | . exp lLT exp
   51        | . exp lLE exp

    lLP    偏移，並進入狀態 46
    lID    偏移，並進入狀態 47
    lINUM  偏移，並進入狀態 48
    lRNUM  偏移，並進入狀態 49

    exp         進入狀態 61
    Multiexp    進入狀態 51
    Primaryexp  進入狀態 52
    boolexp     進入狀態 62


狀態 46

   33 exp: . Multiexp oexp
   37 Multiexp: . Primaryexp oMultiexp
   41 Primaryexp: . lINUM
   42           | . lRNUM
   43           | . lID
   44           | . lLP exp lRP
   44           | lLP . exp lRP
   45           | . lID lLP Actualparams lRP

    lLP    偏移，並進入狀態 46
    lID    偏移，並進入狀態 47
    lINUM  偏移，並進入狀態 48
    lRNUM  偏移，並進入狀態 49

    exp         進入狀態 63
    Multiexp    進入狀態 51
    Primaryexp  進入狀態 52


狀態 47

   43 Primaryexp: lID .  [lLE, lGE, lLT, lGT, lNEQ, lEQU, lMINUS, lADD, lDIVIDE, lTIMES, lRP, lSEMI, lCOMMA]
   45           | lID . lLP Actualparams lRP

    lLP  偏移，並進入狀態 64

    $預設  使用規則 43 以縮減 (Primaryexp)


狀態 48

   41 Primaryexp: lINUM .

    $預設  使用規則 41 以縮減 (Primaryexp)


狀態 49

   42 Primaryexp: lRNUM .

    $預設  使用規則 42 以縮減 (Primaryexp)


狀態 50

   28 Returnstmt: lRETURN exp . lSEMI

    lSEMI  偏移，並進入狀態 65


狀態 51

   33 exp: Multiexp . oexp
   34 oexp: . lADD Multiexp oexp
   35     | . lMINUS Multiexp oexp
   36     | .  [lLE, lGE, lLT, lGT, lNEQ, lEQU, lRP, lSEMI, lCOMMA]

    lMINUS  偏移，並進入狀態 66
    lADD    偏移，並進入狀態 67

    $預設  使用規則 36 以縮減 (oexp)

    oexp  進入狀態 68


狀態 52

   37 Multiexp: Primaryexp . oMultiexp
   38 oMultiexp: . lTIMES Primaryexp oMultiexp
   39          | . lDIVIDE Primaryexp oMultiexp
   40          | .  [lLE, lGE, lLT, lGT, lNEQ, lEQU, lMINUS, lADD, lRP, lSEMI, lCOMMA]

    lDIVIDE  偏移，並進入狀態 69
    lTIMES   偏移，並進入狀態 70

    $預設  使用規則 40 以縮減 (oMultiexp)

    oMultiexp  進入狀態 71


狀態 53

   27 Assignstmt: lID lASSIGN . exp lSEMI
   33 exp: . Multiexp oexp
   37 Multiexp: . Primaryexp oMultiexp
   41 Primaryexp: . lINUM
   42           | . lRNUM
   43           | . lID
   44           | . lLP exp lRP
   45           | . lID lLP Actualparams lRP

    lLP    偏移，並進入狀態 46
    lID    偏移，並進入狀態 47
    lINUM  偏移，並進入狀態 48
    lRNUM  偏移，並進入狀態 49

    exp         進入狀態 72
    Multiexp    進入狀態 51
    Primaryexp  進入狀態 52


狀態 54

   25 lvdecl: type lID . lSEMI
   27 Assignstmt: lID . lASSIGN exp lSEMI

    lASSIGN  偏移，並進入狀態 53
    lSEMI    偏移，並進入狀態 73


狀態 55

   26 lvdecl: type Assignstmt .

    $預設  使用規則 26 以縮減 (lvdecl)


狀態 56

   14 block: lBEGIN Stmts lEND .

    $預設  使用規則 14 以縮減 (block)


狀態 57

   15 Stmts: stmt OStmts .

    $預設  使用規則 15 以縮減 (Stmts)


狀態 58

    5 type: . lINT
    6     | . lREAL
   14 block: . lBEGIN Stmts lEND
   16 OStmts: . stmt OStmts
   16       | stmt . OStmts
   17       | .  [lEND]
   18 stmt: . block
   19     | . lvdecl
   20     | . Assignstmt
   21     | . Returnstmt
   22     | . Ifstmt
   23     | . Writestmt
   24     | . Readstmt
   25 lvdecl: . type lID lSEMI
   26       | . type Assignstmt
   27 Assignstmt: . lID lASSIGN exp lSEMI
   28 Returnstmt: . lRETURN exp lSEMI
   29 Ifstmt: . lIF lLP boolexp lRP stmt
   30       | . lIF lLP boolexp lRP stmt lELSE stmt
   31 Writestmt: . lWRITE lLP exp lCOMMA lQSTR lRP lSEMI
   32 Readstmt: . lREAD lLP lID lCOMMA lQSTR lRP lSEMI

    lWRITE   偏移，並進入狀態 27
    lREAD    偏移，並進入狀態 28
    lIF      偏移，並進入狀態 29
    lRETURN  偏移，並進入狀態 30
    lBEGIN   偏移，並進入狀態 23
    lINT     偏移，並進入狀態 1
    lREAL    偏移，並進入狀態 2
    lID      偏移，並進入狀態 31

    $預設  使用規則 17 以縮減 (OStmts)

    type        進入狀態 32
    block       進入狀態 33
    OStmts      進入狀態 74
    stmt        進入狀態 58
    lvdecl      進入狀態 36
    Assignstmt  進入狀態 37
    Returnstmt  進入狀態 38
    Ifstmt      進入狀態 39
    Writestmt   進入狀態 40
    Readstmt    進入狀態 41


狀態 59

   31 Writestmt: lWRITE lLP exp . lCOMMA lQSTR lRP lSEMI

    lCOMMA  偏移，並進入狀態 75


狀態 60

   32 Readstmt: lREAD lLP lID . lCOMMA lQSTR lRP lSEMI

    lCOMMA  偏移，並進入狀態 76


狀態 61

   46 boolexp: exp . lEQU exp
   47        | exp . lNEQ exp
   48        | exp . lGT exp
   49        | exp . lGE exp
   50        | exp . lLT exp
   51        | exp . lLE exp

    lLE   偏移，並進入狀態 77
    lGE   偏移，並進入狀態 78
    lLT   偏移，並進入狀態 79
    lGT   偏移，並進入狀態 80
    lNEQ  偏移，並進入狀態 81
    lEQU  偏移，並進入狀態 82


狀態 62

   29 Ifstmt: lIF lLP boolexp . lRP stmt
   30       | lIF lLP boolexp . lRP stmt lELSE stmt

    lRP  偏移，並進入狀態 83


狀態 63

   44 Primaryexp: lLP exp . lRP

    lRP  偏移，並進入狀態 84


狀態 64

   33 exp: . Multiexp oexp
   37 Multiexp: . Primaryexp oMultiexp
   41 Primaryexp: . lINUM
   42           | . lRNUM
   43           | . lID
   44           | . lLP exp lRP
   45           | . lID lLP Actualparams lRP
   45           | lID lLP . Actualparams lRP
   52 Actualparams: . exp oActualparams
   53             | .  [lRP]

    lLP    偏移，並進入狀態 46
    lID    偏移，並進入狀態 47
    lINUM  偏移，並進入狀態 48
    lRNUM  偏移，並進入狀態 49

    $預設  使用規則 53 以縮減 (Actualparams)

    exp           進入狀態 85
    Multiexp      進入狀態 51
    Primaryexp    進入狀態 52
    Actualparams  進入狀態 86


狀態 65

   28 Returnstmt: lRETURN exp lSEMI .

    $預設  使用規則 28 以縮減 (Returnstmt)


狀態 66

   35 oexp: lMINUS . Multiexp oexp
   37 Multiexp: . Primaryexp oMultiexp
   41 Primaryexp: . lINUM
   42           | . lRNUM
   43           | . lID
   44           | . lLP exp lRP
   45           | . lID lLP Actualparams lRP

    lLP    偏移，並進入狀態 46
    lID    偏移，並進入狀態 47
    lINUM  偏移，並進入狀態 48
    lRNUM  偏移，並進入狀態 49

    Multiexp    進入狀態 87
    Primaryexp  進入狀態 52


狀態 67

   34 oexp: lADD . Multiexp oexp
   37 Multiexp: . Primaryexp oMultiexp
   41 Primaryexp: . lINUM
   42           | . lRNUM
   43           | . lID
   44           | . lLP exp lRP
   45           | . lID lLP Actualparams lRP

    lLP    偏移，並進入狀態 46
    lID    偏移，並進入狀態 47
    lINUM  偏移，並進入狀態 48
    lRNUM  偏移，並進入狀態 49

    Multiexp    進入狀態 88
    Primaryexp  進入狀態 52


狀態 68

   33 exp: Multiexp oexp .

    $預設  使用規則 33 以縮減 (exp)


狀態 69

   39 oMultiexp: lDIVIDE . Primaryexp oMultiexp
   41 Primaryexp: . lINUM
   42           | . lRNUM
   43           | . lID
   44           | . lLP exp lRP
   45           | . lID lLP Actualparams lRP

    lLP    偏移，並進入狀態 46
    lID    偏移，並進入狀態 47
    lINUM  偏移，並進入狀態 48
    lRNUM  偏移，並進入狀態 49

    Primaryexp  進入狀態 89


狀態 70

   38 oMultiexp: lTIMES . Primaryexp oMultiexp
   41 Primaryexp: . lINUM
   42           | . lRNUM
   43           | . lID
   44           | . lLP exp lRP
   45           | . lID lLP Actualparams lRP

    lLP    偏移，並進入狀態 46
    lID    偏移，並進入狀態 47
    lINUM  偏移，並進入狀態 48
    lRNUM  偏移，並進入狀態 49

    Primaryexp  進入狀態 90


狀態 71

   37 Multiexp: Primaryexp oMultiexp .

    $預設  使用規則 37 以縮減 (Multiexp)


狀態 72

   27 Assignstmt: lID lASSIGN exp . lSEMI

    lSEMI  偏移，並進入狀態 91


狀態 73

   25 lvdecl: type lID lSEMI .

    $預設  使用規則 25 以縮減 (lvdecl)


狀態 74

   16 OStmts: stmt OStmts .

    $預設  使用規則 16 以縮減 (OStmts)


狀態 75

   31 Writestmt: lWRITE lLP exp lCOMMA . lQSTR lRP lSEMI

    lQSTR  偏移，並進入狀態 92


狀態 76

   32 Readstmt: lREAD lLP lID lCOMMA . lQSTR lRP lSEMI

    lQSTR  偏移，並進入狀態 93


狀態 77

   33 exp: . Multiexp oexp
   37 Multiexp: . Primaryexp oMultiexp
   41 Primaryexp: . lINUM
   42           | . lRNUM
   43           | . lID
   44           | . lLP exp lRP
   45           | . lID lLP Actualparams lRP
   51 boolexp: exp lLE . exp

    lLP    偏移，並進入狀態 46
    lID    偏移，並進入狀態 47
    lINUM  偏移，並進入狀態 48
    lRNUM  偏移，並進入狀態 49

    exp         進入狀態 94
    Multiexp    進入狀態 51
    Primaryexp  進入狀態 52


狀態 78

   33 exp: . Multiexp oexp
   37 Multiexp: . Primaryexp oMultiexp
   41 Primaryexp: . lINUM
   42           | . lRNUM
   43           | . lID
   44           | . lLP exp lRP
   45           | . lID lLP Actualparams lRP
   49 boolexp: exp lGE . exp

    lLP    偏移，並進入狀態 46
    lID    偏移，並進入狀態 47
    lINUM  偏移，並進入狀態 48
    lRNUM  偏移，並進入狀態 49

    exp         進入狀態 95
    Multiexp    進入狀態 51
    Primaryexp  進入狀態 52


狀態 79

   33 exp: . Multiexp oexp
   37 Multiexp: . Primaryexp oMultiexp
   41 Primaryexp: . lINUM
   42           | . lRNUM
   43           | . lID
   44           | . lLP exp lRP
   45           | . lID lLP Actualparams lRP
   50 boolexp: exp lLT . exp

    lLP    偏移，並進入狀態 46
    lID    偏移，並進入狀態 47
    lINUM  偏移，並進入狀態 48
    lRNUM  偏移，並進入狀態 49

    exp         進入狀態 96
    Multiexp    進入狀態 51
    Primaryexp  進入狀態 52


狀態 80

   33 exp: . Multiexp oexp
   37 Multiexp: . Primaryexp oMultiexp
   41 Primaryexp: . lINUM
   42           | . lRNUM
   43           | . lID
   44           | . lLP exp lRP
   45           | . lID lLP Actualparams lRP
   48 boolexp: exp lGT . exp

    lLP    偏移，並進入狀態 46
    lID    偏移，並進入狀態 47
    lINUM  偏移，並進入狀態 48
    lRNUM  偏移，並進入狀態 49

    exp         進入狀態 97
    Multiexp    進入狀態 51
    Primaryexp  進入狀態 52


狀態 81

   33 exp: . Multiexp oexp
   37 Multiexp: . Primaryexp oMultiexp
   41 Primaryexp: . lINUM
   42           | . lRNUM
   43           | . lID
   44           | . lLP exp lRP
   45           | . lID lLP Actualparams lRP
   47 boolexp: exp lNEQ . exp

    lLP    偏移，並進入狀態 46
    lID    偏移，並進入狀態 47
    lINUM  偏移，並進入狀態 48
    lRNUM  偏移，並進入狀態 49

    exp         進入狀態 98
    Multiexp    進入狀態 51
    Primaryexp  進入狀態 52


狀態 82

   33 exp: . Multiexp oexp
   37 Multiexp: . Primaryexp oMultiexp
   41 Primaryexp: . lINUM
   42           | . lRNUM
   43           | . lID
   44           | . lLP exp lRP
   45           | . lID lLP Actualparams lRP
   46 boolexp: exp lEQU . exp

    lLP    偏移，並進入狀態 46
    lID    偏移，並進入狀態 47
    lINUM  偏移，並進入狀態 48
    lRNUM  偏移，並進入狀態 49

    exp         進入狀態 99
    Multiexp    進入狀態 51
    Primaryexp  進入狀態 52


狀態 83

    5 type: . lINT
    6     | . lREAL
   14 block: . lBEGIN Stmts lEND
   18 stmt: . block
   19     | . lvdecl
   20     | . Assignstmt
   21     | . Returnstmt
   22     | . Ifstmt
   23     | . Writestmt
   24     | . Readstmt
   25 lvdecl: . type lID lSEMI
   26       | . type Assignstmt
   27 Assignstmt: . lID lASSIGN exp lSEMI
   28 Returnstmt: . lRETURN exp lSEMI
   29 Ifstmt: . lIF lLP boolexp lRP stmt
   29       | lIF lLP boolexp lRP . stmt
   30       | . lIF lLP boolexp lRP stmt lELSE stmt
   30       | lIF lLP boolexp lRP . stmt lELSE stmt
   31 Writestmt: . lWRITE lLP exp lCOMMA lQSTR lRP lSEMI
   32 Readstmt: . lREAD lLP lID lCOMMA lQSTR lRP lSEMI

    lWRITE   偏移，並進入狀態 27
    lREAD    偏移，並進入狀態 28
    lIF      偏移，並進入狀態 29
    lRETURN  偏移，並進入狀態 30
    lBEGIN   偏移，並進入狀態 23
    lINT     偏移，並進入狀態 1
    lREAL    偏移，並進入狀態 2
    lID      偏移，並進入狀態 31

    type        進入狀態 32
    block       進入狀態 33
    stmt        進入狀態 100
    lvdecl      進入狀態 36
    Assignstmt  進入狀態 37
    Returnstmt  進入狀態 38
    Ifstmt      進入狀態 39
    Writestmt   進入狀態 40
    Readstmt    進入狀態 41


狀態 84

   44 Primaryexp: lLP exp lRP .

    $預設  使用規則 44 以縮減 (Primaryexp)


狀態 85

   52 Actualparams: exp . oActualparams
   54 oActualparams: . lCOMMA exp oActualparams
   55              | .  [lRP]

    lCOMMA  偏移，並進入狀態 101

    $預設  使用規則 55 以縮減 (oActualparams)

    oActualparams  進入狀態 102


狀態 86

   45 Primaryexp: lID lLP Actualparams . lRP

    lRP  偏移，並進入狀態 103


狀態 87

   34 oexp: . lADD Multiexp oexp
   35     | . lMINUS Multiexp oexp
   35     | lMINUS Multiexp . oexp
   36     | .  [lLE, lGE, lLT, lGT, lNEQ, lEQU, lRP, lSEMI, lCOMMA]

    lMINUS  偏移，並進入狀態 66
    lADD    偏移，並進入狀態 67

    $預設  使用規則 36 以縮減 (oexp)

    oexp  進入狀態 104


狀態 88

   34 oexp: . lADD Multiexp oexp
   34     | lADD Multiexp . oexp
   35     | . lMINUS Multiexp oexp
   36     | .  [lLE, lGE, lLT, lGT, lNEQ, lEQU, lRP, lSEMI, lCOMMA]

    lMINUS  偏移，並進入狀態 66
    lADD    偏移，並進入狀態 67

    $預設  使用規則 36 以縮減 (oexp)

    oexp  進入狀態 105


狀態 89

   38 oMultiexp: . lTIMES Primaryexp oMultiexp
   39          | . lDIVIDE Primaryexp oMultiexp
   39          | lDIVIDE Primaryexp . oMultiexp
   40          | .  [lLE, lGE, lLT, lGT, lNEQ, lEQU, lMINUS, lADD, lRP, lSEMI, lCOMMA]

    lDIVIDE  偏移，並進入狀態 69
    lTIMES   偏移，並進入狀態 70

    $預設  使用規則 40 以縮減 (oMultiexp)

    oMultiexp  進入狀態 106


狀態 90

   38 oMultiexp: . lTIMES Primaryexp oMultiexp
   38          | lTIMES Primaryexp . oMultiexp
   39          | . lDIVIDE Primaryexp oMultiexp
   40          | .  [lLE, lGE, lLT, lGT, lNEQ, lEQU, lMINUS, lADD, lRP, lSEMI, lCOMMA]

    lDIVIDE  偏移，並進入狀態 69
    lTIMES   偏移，並進入狀態 70

    $預設  使用規則 40 以縮減 (oMultiexp)

    oMultiexp  進入狀態 107


狀態 91

   27 Assignstmt: lID lASSIGN exp lSEMI .

    $預設  使用規則 27 以縮減 (Assignstmt)


狀態 92

   31 Writestmt: lWRITE lLP exp lCOMMA lQSTR . lRP lSEMI

    lRP  偏移，並進入狀態 108


狀態 93

   32 Readstmt: lREAD lLP lID lCOMMA lQSTR . lRP lSEMI

    lRP  偏移，並進入狀態 109


狀態 94

   51 boolexp: exp lLE exp .

    $預設  使用規則 51 以縮減 (boolexp)


狀態 95

   49 boolexp: exp lGE exp .

    $預設  使用規則 49 以縮減 (boolexp)


狀態 96

   50 boolexp: exp lLT exp .

    $預設  使用規則 50 以縮減 (boolexp)


狀態 97

   48 boolexp: exp lGT exp .

    $預設  使用規則 48 以縮減 (boolexp)


狀態 98

   47 boolexp: exp lNEQ exp .

    $預設  使用規則 47 以縮減 (boolexp)


狀態 99

   46 boolexp: exp lEQU exp .

    $預設  使用規則 46 以縮減 (boolexp)


狀態 100

   29 Ifstmt: lIF lLP boolexp lRP stmt .  [lWRITE, lREAD, lIF, lRETURN, lBEGIN, lEND, lINT, lREAL, lELSE, lID]
   30       | lIF lLP boolexp lRP stmt . lELSE stmt

    lELSE  偏移，並進入狀態 110

    lELSE    [使用規則 29 以縮減 (Ifstmt)]
    $預設  使用規則 29 以縮減 (Ifstmt)


狀態 101

   33 exp: . Multiexp oexp
   37 Multiexp: . Primaryexp oMultiexp
   41 Primaryexp: . lINUM
   42           | . lRNUM
   43           | . lID
   44           | . lLP exp lRP
   45           | . lID lLP Actualparams lRP
   54 oActualparams: lCOMMA . exp oActualparams

    lLP    偏移，並進入狀態 46
    lID    偏移，並進入狀態 47
    lINUM  偏移，並進入狀態 48
    lRNUM  偏移，並進入狀態 49

    exp         進入狀態 111
    Multiexp    進入狀態 51
    Primaryexp  進入狀態 52


狀態 102

   52 Actualparams: exp oActualparams .

    $預設  使用規則 52 以縮減 (Actualparams)


狀態 103

   45 Primaryexp: lID lLP Actualparams lRP .

    $預設  使用規則 45 以縮減 (Primaryexp)


狀態 104

   35 oexp: lMINUS Multiexp oexp .

    $預設  使用規則 35 以縮減 (oexp)


狀態 105

   34 oexp: lADD Multiexp oexp .

    $預設  使用規則 34 以縮減 (oexp)


狀態 106

   39 oMultiexp: lDIVIDE Primaryexp oMultiexp .

    $預設  使用規則 39 以縮減 (oMultiexp)


狀態 107

   38 oMultiexp: lTIMES Primaryexp oMultiexp .

    $預設  使用規則 38 以縮減 (oMultiexp)


狀態 108

   31 Writestmt: lWRITE lLP exp lCOMMA lQSTR lRP . lSEMI

    lSEMI  偏移，並進入狀態 112


狀態 109

   32 Readstmt: lREAD lLP lID lCOMMA lQSTR lRP . lSEMI

    lSEMI  偏移，並進入狀態 113


狀態 110

    5 type: . lINT
    6     | . lREAL
   14 block: . lBEGIN Stmts lEND
   18 stmt: . block
   19     | . lvdecl
   20     | . Assignstmt
   21     | . Returnstmt
   22     | . Ifstmt
   23     | . Writestmt
   24     | . Readstmt
   25 lvdecl: . type lID lSEMI
   26       | . type Assignstmt
   27 Assignstmt: . lID lASSIGN exp lSEMI
   28 Returnstmt: . lRETURN exp lSEMI
   29 Ifstmt: . lIF lLP boolexp lRP stmt
   30       | . lIF lLP boolexp lRP stmt lELSE stmt
   30       | lIF lLP boolexp lRP stmt lELSE . stmt
   31 Writestmt: . lWRITE lLP exp lCOMMA lQSTR lRP lSEMI
   32 Readstmt: . lREAD lLP lID lCOMMA lQSTR lRP lSEMI

    lWRITE   偏移，並進入狀態 27
    lREAD    偏移，並進入狀態 28
    lIF      偏移，並進入狀態 29
    lRETURN  偏移，並進入狀態 30
    lBEGIN   偏移，並進入狀態 23
    lINT     偏移，並進入狀態 1
    lREAL    偏移，並進入狀態 2
    lID      偏移，並進入狀態 31

    type        進入狀態 32
    block       進入狀態 33
    stmt        進入狀態 114
    lvdecl      進入狀態 36
    Assignstmt  進入狀態 37
    Returnstmt  進入狀態 38
    Ifstmt      進入狀態 39
    Writestmt   進入狀態 40
    Readstmt    進入狀態 41


狀態 111

   54 oActualparams: . lCOMMA exp oActualparams
   54              | lCOMMA exp . oActualparams
   55              | .  [lRP]

    lCOMMA  偏移，並進入狀態 101

    $預設  使用規則 55 以縮減 (oActualparams)

    oActualparams  進入狀態 115


狀態 112

   31 Writestmt: lWRITE lLP exp lCOMMA lQSTR lRP lSEMI .

    $預設  使用規則 31 以縮減 (Writestmt)


狀態 113

   32 Readstmt: lREAD lLP lID lCOMMA lQSTR lRP lSEMI .

    $預設  使用規則 32 以縮減 (Readstmt)


狀態 114

   30 Ifstmt: lIF lLP boolexp lRP stmt lELSE stmt .

    $預設  使用規則 30 以縮減 (Ifstmt)


狀態 115

   54 oActualparams: lCOMMA exp oActualparams .

    $預設  使用規則 54 以縮減 (oActualparams)
